2024-02-27 01:16:15.438 [info] Log level: Info
2024-02-27 01:16:15.439 [info] Validating found git in: "git"
2024-02-27 01:16:15.439 [info] Using git "2.34.1" from "git"
2024-02-27 01:16:15.449 [info] > git rev-parse --show-toplevel [11ms]
2024-02-27 01:16:15.449 [info] fatal: not a git repository (or any of the parent directories): .git
2024-02-27 01:16:15.468 [info] > git rev-parse --show-toplevel [10ms]
2024-02-27 01:16:15.469 [info] fatal: not a git repository (or any of the parent directories): .git
2024-02-27 01:16:15.476 [info] > git rev-parse --show-toplevel [2ms]
2024-02-27 01:16:15.476 [info] fatal: not a git repository (or any of the parent directories): .git
2024-02-27 01:16:15.488 [info] > git rev-parse --show-toplevel [2ms]
2024-02-27 01:16:15.488 [info] fatal: not a git repository (or any of the parent directories): .git
2024-02-27 01:17:54.884 [info] > git rev-parse --show-toplevel [3ms]
2024-02-27 01:17:54.884 [info] fatal: not a git repository (or any of the parent directories): .git
2024-02-27 01:17:57.150 [info] > git rev-parse --show-toplevel [5ms]
2024-02-27 01:17:57.150 [info] fatal: not a git repository (or any of the parent directories): .git
2024-02-27 01:22:01.409 [info] > git rev-parse --show-toplevel [2ms]
2024-02-27 01:22:01.410 [info] fatal: not a git repository (or any of the parent directories): .git
2024-02-27 01:25:03.999 [info] > git rev-parse --show-toplevel [2ms]
2024-02-27 01:25:04.000 [info] fatal: not a git repository (or any of the parent directories): .git
2024-02-27 01:52:22.624 [info] > git rev-parse --show-toplevel [11ms]
2024-02-27 01:52:22.624 [info] fatal: not a git repository (or any of the parent directories): .git
2024-02-27 01:52:25.800 [info] > git rev-parse --show-toplevel [2ms]
2024-02-27 01:52:25.800 [info] fatal: not a git repository (or any of the parent directories): .git
